<?xml version="1.0" encoding="UTF-8"?>
<testsuite xmlns:xsi="http://www.w3.org/2001/XMLSchema-instance" xsi:noNamespaceSchemaLocation="https://maven.apache.org/surefire/maven-surefire-plugin/xsd/surefire-test-report-3.0.xsd" version="3.0" name="runner.TestRunner" time="15.396" tests="2" errors="0" skipped="0" failures="0">
  <properties>
[...]
</properties>
  <testcase name="Perform addition" classname="Calculator Operations" time="7.704">
    <system-out><![CDATA[
@Mobile
Scenario: Perform addition   &amp#27;[90m# src/test/resources/features/mobile/Calculator.feature:4&amp#27;[0m
  &amp#27;[32mGiven &amp#27;[0m&amp#27;[32mCalculator is open&amp#27;[0m   &amp#27;[90m# stepDefinition.mobile.CalculatorActions.calculator_is_open()&amp#27;[0m
  &amp#27;[32mWhen &amp#27;[0m&amp#27;[32mI add &amp#27;[0m&amp#27;[32m&amp#27;[1m2&amp#27;[0m&amp#27;[32m and &amp#27;[0m&amp#27;[32m&amp#27;[1m3&amp#27;[0m         &amp#27;[90m# stepDefinition.mobile.CalculatorActions.i_add_numbers(int,int)&amp#27;[0m
  &amp#27;[32mThen &amp#27;[0m&amp#27;[32mI should see result &amp#27;[0m&amp#27;[32m&amp#27;[1m5&amp#27;[0m &amp#27;[90m# stepDefinition.mobile.CalculatorActions.i_should_see_result(int)&amp#27;[0m
]]></system-out>
    <system-err><![CDATA[SLF4J(W): No SLF4J providers were found.
SLF4J(W): Defaulting to no-operation (NOP) logger implementation
SLF4J(W): See https://www.slf4j.org/codes.html#noProviders for further details.
]]></system-err>
  </testcase>
  <testcase name="Divide by one" classname="Calculator Operations" time="7.083">
    <system-out><![CDATA[
@Mobile
Scenario: Divide by one      &amp#27;[90m# src/test/resources/features/mobile/Calculator.feature:10&amp#27;[0m
  &amp#27;[32mGiven &amp#27;[0m&amp#27;[32mCalculator is open&amp#27;[0m   &amp#27;[90m# stepDefinition.mobile.CalculatorActions.calculator_is_open()&amp#27;[0m
  &amp#27;[32mWhen &amp#27;[0m&amp#27;[32mI divide &amp#27;[0m&amp#27;[32m&amp#27;[1m5&amp#27;[0m&amp#27;[32m by &amp#27;[0m&amp#27;[32m&amp#27;[1m5&amp#27;[0m       &amp#27;[90m# stepDefinition.mobile.CalculatorActions.i_divide_by_zero(int,int)&amp#27;[0m
  &amp#27;[32mThen &amp#27;[0m&amp#27;[32mI should see result &amp#27;[0m&amp#27;[32m&amp#27;[1m1&amp#27;[0m &amp#27;[90m# stepDefinition.mobile.CalculatorActions.i_should_see_result(int)&amp#27;[0m
]]></system-out>
  </testcase>
</testsuite>